##fileformat=VCFv4.0
##fileDate=20150720
##source=pindel
##reference=../test/SmallTest/hs_ref_chr20.fa
##INFO=<ID=END,Number=1,Type=Integer,Description="End position of the variant described in this record">
##INFO=<ID=HOMLEN,Number=1,Type=Integer,Description="Length of base pair identical micro-homology at event breakpoints">
##INFO=<ID=PF,Number=1,Type=Integer,Description="The number of samples carry the variant">
##INFO=<ID=HOMSEQ,Number=.,Type=String,Description="Sequence of base pair identical micro-homology at event breakpoints">
##INFO=<ID=SVLEN,Number=1,Type=Integer,Description="Difference in length between REF and ALT alleles">
##INFO=<ID=SVTYPE,Number=1,Type=String,Description="Type of structural variant">
##INFO=<ID=NTLEN,Number=.,Type=Integer,Description="Number of bases inserted in place of deleted code">
##FORMAT=<ID=PL,Number=3,Type=Integer,Description="Normalized, Phred-scaled likelihoods for genotypes as defined in the VCF specification">
##FORMAT=<ID=GT,Number=1,Type=String,Description="Genotype">
##FORMAT=<ID=RD,Number=1,Type=Integer,Description="Reference depth, how many reads support the reference">
##FORMAT=<ID=AD,Number=2,Type=Integer,Description="Allele depth, how many reads support this allele">
#CHROM	POS	ID	REF	ALT	QUAL	FILTER	INFO	FORMAT	normal	tumor
20	11626876	.	AAAAAG	A	.	PASS	END=11626881;HOMLEN=3;HOMSEQ=AAA;SVLEN=-5;SVTYPE=DEL	GT:AD	0/0:20,0	0/0:20,4
20	21226783	.	GAGAA	G	.	PASS	END=21226787;HOMLEN=3;HOMSEQ=AGA;SVLEN=-4;SVTYPE=DEL	GT:AD	0/0:20,0	0/1:20,5
20	25861878	.	TA	T	.	PASS	END=25861879;HOMLEN=3;HOMSEQ=AAA;SVLEN=-1;SVTYPE=DEL	GT:AD	0/0:20,0	0/0:20,3
20	25867816	.	TA	T	.	PASS	END=25867817;HOMLEN=0;SVLEN=-1;SVTYPE=DEL	GT:AD	0/0:20,0	0/0:20,3
20	26070916	.	AAG	A	.	PASS	END=26070918;HOMLEN=2;HOMSEQ=AG;SVLEN=-2;SVTYPE=DEL	GT:AD	0/0:20,0	0/0:20,3
20	26091713	.	GT	G	.	PASS	END=26091714;HOMLEN=2;HOMSEQ=TT;SVLEN=-1;SVTYPE=DEL	GT:AD	0/0:20,0	0/0:20,4
